2023-12-09 01:05:32,673 INFO o.a.j.u.JMeterUtils: Setting Locale to en_EN
2023-12-09 01:05:32,711 INFO o.a.j.JMeter: Loading user properties from: /usr/local/Cellar/jmeter/5.6.2/libexec/bin/user.properties
2023-12-09 01:05:32,712 INFO o.a.j.JMeter: Loading system properties from: /usr/local/Cellar/jmeter/5.6.2/libexec/bin/system.properties
2023-12-09 01:05:32,720 INFO o.a.j.JMeter: Copyright (c) 1998-2023 The Apache Software Foundation
2023-12-09 01:05:32,720 INFO o.a.j.JMeter: Version 5.6.2
2023-12-09 01:05:32,720 INFO o.a.j.JMeter: java.version=17.0.9
2023-12-09 01:05:32,720 INFO o.a.j.JMeter: java.vm.name=OpenJDK 64-Bit Server VM
2023-12-09 01:05:32,720 INFO o.a.j.JMeter: os.name=Mac OS X
2023-12-09 01:05:32,721 INFO o.a.j.JMeter: os.arch=x86_64
2023-12-09 01:05:32,721 INFO o.a.j.JMeter: os.version=12.7.1
2023-12-09 01:05:32,721 INFO o.a.j.JMeter: file.encoding=UTF-8
2023-12-09 01:05:32,721 INFO o.a.j.JMeter: java.awt.headless=true
2023-12-09 01:05:32,721 INFO o.a.j.JMeter: Max memory     =1073741824
2023-12-09 01:05:32,721 INFO o.a.j.JMeter: Available Processors =4
2023-12-09 01:05:32,734 INFO o.a.j.JMeter: Default Locale=English (EN)
2023-12-09 01:05:32,735 INFO o.a.j.JMeter: JMeter  Locale=English (EN)
2023-12-09 01:05:32,737 INFO o.a.j.JMeter: JMeterHome=/usr/local/Cellar/jmeter/5.6.2/libexec
2023-12-09 01:05:32,742 INFO o.a.j.JMeter: user.dir  =/Users/coutinhonobre/IdeaProjects/WebServiceSpring
2023-12-09 01:05:32,742 INFO o.a.j.JMeter: PWD       =/Users/coutinhonobre/IdeaProjects/WebServiceSpring
2023-12-09 01:05:32,750 INFO o.a.j.JMeter: IP: 192.168.1.7 Name: Igors-MBP FullName: igors-mbp
2023-12-09 01:05:32,771 INFO o.a.j.s.FileServer: Default base='/Users/coutinhonobre/IdeaProjects/WebServiceSpring'
2023-12-09 01:05:32,773 INFO o.a.j.s.FileServer: Set new base='/Users/coutinhonobre/IdeaProjects/WebServiceSpring/./jmeter'
2023-12-09 01:05:33,133 INFO o.a.j.s.SaveService: Testplan (JMX) version: 2.2. Testlog (JTL) version: 2.2
2023-12-09 01:05:33,188 INFO o.a.j.s.SaveService: Using SaveService properties version 5.0
2023-12-09 01:05:33,194 INFO o.a.j.s.SaveService: Using SaveService properties file encoding UTF-8
2023-12-09 01:05:33,198 INFO o.a.j.s.SaveService: Loading file: ./jmeter/academico.jmx
2023-12-09 01:05:33,282 INFO o.a.j.p.h.s.HTTPSamplerBase: Parser for text/html is org.apache.jmeter.protocol.http.parser.LagartoBasedHtmlParser
2023-12-09 01:05:33,282 INFO o.a.j.p.h.s.HTTPSamplerBase: Parser for application/xhtml+xml is org.apache.jmeter.protocol.http.parser.LagartoBasedHtmlParser
2023-12-09 01:05:33,283 INFO o.a.j.p.h.s.HTTPSamplerBase: Parser for application/xml is org.apache.jmeter.protocol.http.parser.LagartoBasedHtmlParser
2023-12-09 01:05:33,283 INFO o.a.j.p.h.s.HTTPSamplerBase: Parser for text/xml is org.apache.jmeter.protocol.http.parser.LagartoBasedHtmlParser
2023-12-09 01:05:33,283 INFO o.a.j.p.h.s.HTTPSamplerBase: Parser for text/vnd.wap.wml is org.apache.jmeter.protocol.http.parser.RegexpHTMLParser
2023-12-09 01:05:33,283 INFO o.a.j.p.h.s.HTTPSamplerBase: Parser for text/css is org.apache.jmeter.protocol.http.parser.CssParser
2023-12-09 01:05:33,335 INFO o.a.j.JMeter: Creating summariser <summary>
2023-12-09 01:05:33,357 INFO o.a.j.e.StandardJMeterEngine: Running the test!
2023-12-09 01:05:33,358 INFO o.a.j.s.SampleEvent: List of sample_variables: []
2023-12-09 01:05:33,358 INFO o.a.j.s.SampleEvent: List of sample_variables: []
2023-12-09 01:05:33,367 INFO o.a.j.e.u.CompoundVariable: Note: Function class names must contain the string: '.functions.'
2023-12-09 01:05:33,367 INFO o.a.j.e.u.CompoundVariable: Note: Function class names must not contain the string: '.gui.'
2023-12-09 01:05:33,489 INFO o.a.j.r.ClassFinder: Will scan jar /usr/local/Cellar/jmeter/5.6.2/libexec/lib/ext/jmeter-plugins-manager-1.9.jar with filter ExtendsClassFilter [parents=[interface org.apache.jmeter.functions.Function], inner=false, contains=null, notContains=null]. Consider exposing JMeter plugins via META-INF/services, and add JMeter-Skip-Class-Scanning=true manifest attribute so JMeter can skip classfile scanning
2023-12-09 01:05:33,627 INFO o.a.j.JMeter: Running test (1702094733627)
2023-12-09 01:05:33,659 INFO o.a.j.e.StandardJMeterEngine: Starting ThreadGroup: 1 : Thread Group
2023-12-09 01:05:33,659 INFO o.a.j.e.StandardJMeterEngine: Starting 1 threads for group Thread Group.
2023-12-09 01:05:33,659 INFO o.a.j.e.StandardJMeterEngine: Thread will continue on error
2023-12-09 01:05:33,659 INFO o.a.j.t.ThreadGroup: Starting thread group... number=1 threads=1 ramp-up=1 delayedStart=false
2023-12-09 01:05:33,665 INFO o.a.j.t.ThreadGroup: Started thread group number 1
2023-12-09 01:05:33,665 INFO o.a.j.e.StandardJMeterEngine: All thread groups have been started
2023-12-09 01:05:33,667 INFO o.a.j.t.JMeterThread: Thread started: Thread Group 1-1
2023-12-09 01:05:33,691 INFO o.a.j.p.h.s.HTTPHCAbstractImpl: Local host = Igors-MBP
2023-12-09 01:05:33,702 INFO o.a.j.p.h.s.HTTPHC4Impl: HTTP request retry count = 0
2023-12-09 01:05:33,704 INFO o.a.j.s.SampleResult: Note: Sample TimeStamps are START times
2023-12-09 01:05:33,704 INFO o.a.j.s.SampleResult: sampleresult.default.encoding is set to UTF-8
2023-12-09 01:05:33,704 INFO o.a.j.s.SampleResult: sampleresult.useNanoTime=true
2023-12-09 01:05:33,704 INFO o.a.j.s.SampleResult: sampleresult.nanoThreadSleep=5000
2023-12-09 01:05:33,851 INFO o.a.j.r.Summariser: summary +      1 in 00:00:00 =    4.5/s Avg:    39 Min:    39 Max:    39 Err:     1 (100.00%) Active: 1 Started: 1 Finished: 0
2023-12-09 01:05:33,863 INFO o.a.j.t.JMeterThread: Thread is done: Thread Group 1-1
2023-12-09 01:05:33,864 INFO o.a.j.t.JMeterThread: Thread finished: Thread Group 1-1
2023-12-09 01:05:33,865 INFO o.a.j.e.StandardJMeterEngine: Notifying test listeners of end of test
2023-12-09 01:05:33,866 INFO o.a.j.r.Summariser: summary +      5 in 00:00:00 =  294.1/s Avg:     1 Min:     1 Max:     1 Err:     5 (100.00%) Active: 0 Started: 1 Finished: 1
2023-12-09 01:05:33,867 INFO o.a.j.r.Summariser: summary =      6 in 00:00:00 =   25.1/s Avg:     7 Min:     1 Max:    39 Err:     6 (100.00%)
